

Started GET "/" for 127.0.0.1 at 2015-01-18 15:19:56 +0200
Processing by Rails::WelcomeController#index as HTML
  Rendered /home/wadror/.rbenv/versions/2.0.0-p353/lib/ruby/gems/2.0.0/gems/railties-4.0.2/lib/rails/templates/rails/welcome/index.html.erb (2.6ms)
Completed 200 OK in 60ms (Views: 16.2ms | ActiveRecord: 0.0ms)


Started GET "/" for 127.0.0.1 at 2015-01-18 15:25:51 +0200

ActiveRecord::PendingMigrationError (Migrations are pending; run 'bin/rake db:migrate RAILS_ENV=development' to resolve this issue.):
  activerecord (4.0.2) lib/active_record/migration.rb:379:in `check_pending!'
  activerecord (4.0.2) lib/active_record/migration.rb:366:in `call'
  actionpack (4.0.2) lib/action_dispatch/middleware/callbacks.rb:29:in `block in call'
  activesupport (4.0.2) lib/active_support/callbacks.rb:373:in `_run__342106564__call__callbacks'
  activesupport (4.0.2) lib/active_support/callbacks.rb:80:in `run_callbacks'
  actionpack (4.0.2) lib/action_dispatch/middleware/callbacks.rb:27:in `call'
  actionpack (4.0.2) lib/action_dispatch/middleware/reloader.rb:64:in `call'
  actionpack (4.0.2) lib/action_dispatch/middleware/remote_ip.rb:76:in `call'
  actionpack (4.0.2) lib/action_dispatch/middleware/debug_exceptions.rb:17:in `call'
  actionpack (4.0.2) lib/action_dispatch/middleware/show_exceptions.rb:30:in `call'
  railties (4.0.2) lib/rails/rack/logger.rb:38:in `call_app'
  railties (4.0.2) lib/rails/rack/logger.rb:20:in `block in call'
  activesupport (4.0.2) lib/active_support/tagged_logging.rb:67:in `block in tagged'
  activesupport (4.0.2) lib/active_support/tagged_logging.rb:25:in `tagged'
  activesupport (4.0.2) lib/active_support/tagged_logging.rb:67:in `tagged'
  railties (4.0.2) lib/rails/rack/logger.rb:20:in `call'
  actionpack (4.0.2) lib/action_dispatch/middleware/request_id.rb:21:in `call'
  rack (1.5.2) lib/rack/methodoverride.rb:21:in `call'
  rack (1.5.2) lib/rack/runtime.rb:17:in `call'
  activesupport (4.0.2) lib/active_support/cache/strategy/local_cache.rb:83:in `call'
  rack (1.5.2) lib/rack/lock.rb:17:in `call'
  actionpack (4.0.2) lib/action_dispatch/middleware/static.rb:64:in `call'
  rack (1.5.2) lib/rack/sendfile.rb:112:in `call'
  railties (4.0.2) lib/rails/engine.rb:511:in `call'
  railties (4.0.2) lib/rails/application.rb:97:in `call'
  rack (1.5.2) lib/rack/lock.rb:17:in `call'
  rack (1.5.2) lib/rack/content_length.rb:14:in `call'
  rack (1.5.2) lib/rack/handler/webrick.rb:60:in `service'
  /home/wadror/.rbenv/versions/2.0.0-p353/lib/ruby/2.0.0/webrick/httpserver.rb:138:in `service'
  /home/wadror/.rbenv/versions/2.0.0-p353/lib/ruby/2.0.0/webrick/httpserver.rb:94:in `run'
  /home/wadror/.rbenv/versions/2.0.0-p353/lib/ruby/2.0.0/webrick/server.rb:295:in `block in start_thread'


  Rendered /home/wadror/.rbenv/versions/2.0.0-p353/lib/ruby/gems/2.0.0/gems/actionpack-4.0.2/lib/action_dispatch/middleware/templates/rescues/_source.erb (0.4ms)
  Rendered /home/wadror/.rbenv/versions/2.0.0-p353/lib/ruby/gems/2.0.0/gems/actionpack-4.0.2/lib/action_dispatch/middleware/templates/rescues/_trace.erb (0.5ms)
  Rendered /home/wadror/.rbenv/versions/2.0.0-p353/lib/ruby/gems/2.0.0/gems/actionpack-4.0.2/lib/action_dispatch/middleware/templates/rescues/_request_and_response.erb (0.7ms)
  Rendered /home/wadror/.rbenv/versions/2.0.0-p353/lib/ruby/gems/2.0.0/gems/actionpack-4.0.2/lib/action_dispatch/middleware/templates/rescues/diagnostics.erb within rescues/layout (40.3ms)
  [1m[36m (16.6ms)[0m  [1mCREATE TABLE "schema_migrations" ("version" varchar(255) NOT NULL) [0m
  [1m[35m (10.5ms)[0m  CREATE UNIQUE INDEX "unique_schema_migrations" ON "schema_migrations" ("version")
  [1m[36mActiveRecord::SchemaMigration Load (0.1ms)[0m  [1mSELECT "schema_migrations".* FROM "schema_migrations"[0m
Migrating to CreateBreweries (20150118132439)
  [1m[35m (0.4ms)[0m  begin transaction
  [1m[36m (0.4ms)[0m  [1mCREATE TABLE "breweries" ("id" INTEGER PRIMARY KEY AUTOINCREMENT NOT NULL, "name" varchar(255), "year" integer, "created_at" datetime, "updated_at" datetime) [0m
  [1m[35mSQL (0.2ms)[0m  INSERT INTO "schema_migrations" ("version") VALUES (?)  [["version", "20150118132439"]]
  [1m[36m (12.5ms)[0m  [1mcommit transaction[0m
  [1m[35mActiveRecord::SchemaMigration Load (0.2ms)[0m  SELECT "schema_migrations".* FROM "schema_migrations"


Started GET "/breweries" for 127.0.0.1 at 2015-01-18 15:26:34 +0200
  [1m[36mActiveRecord::SchemaMigration Load (0.2ms)[0m  [1mSELECT "schema_migrations".* FROM "schema_migrations"[0m
Processing by BreweriesController#index as HTML
  [1m[35mBrewery Load (0.2ms)[0m  SELECT "breweries".* FROM "breweries"
  Rendered breweries/index.html.erb within layouts/application (7.7ms)
Completed 200 OK in 456ms (Views: 427.4ms | ActiveRecord: 0.2ms)


Started GET "/assets/application.css?body=1" for 127.0.0.1 at 2015-01-18 15:26:35 +0200


Started GET "/assets/jquery.js?body=1" for 127.0.0.1 at 2015-01-18 15:26:35 +0200


Started GET "/assets/scaffolds.css?body=1" for 127.0.0.1 at 2015-01-18 15:26:35 +0200


Started GET "/assets/breweries.css?body=1" for 127.0.0.1 at 2015-01-18 15:26:35 +0200


Started GET "/assets/breweries.js?body=1" for 127.0.0.1 at 2015-01-18 15:26:35 +0200


Started GET "/assets/turbolinks.js?body=1" for 127.0.0.1 at 2015-01-18 15:26:35 +0200


Started GET "/assets/jquery_ujs.js?body=1" for 127.0.0.1 at 2015-01-18 15:26:35 +0200


Started GET "/assets/application.js?body=1" for 127.0.0.1 at 2015-01-18 15:26:35 +0200


Started GET "/breweries/new" for 127.0.0.1 at 2015-01-18 15:26:46 +0200
Processing by BreweriesController#new as HTML
  Rendered breweries/_form.html.erb (87.8ms)
  Rendered breweries/new.html.erb within layouts/application (106.0ms)
Completed 200 OK in 118ms (Views: 116.6ms | ActiveRecord: 0.4ms)


Started POST "/breweries" for 127.0.0.1 at 2015-01-18 15:27:09 +0200
Processing by BreweriesController#create as HTML
  Parameters: {"utf8"=>"✓", "authenticity_token"=>"ItHlqkHIfu0fALb4leDrgYi5aGh90Iq4IJXRrgHNArE=", "brewery"=>{"name"=>"Hartwall", "year"=>"1836"}, "commit"=>"Create Brewery"}
  [1m[36m (0.2ms)[0m  [1mbegin transaction[0m
  [1m[35mSQL (10.0ms)[0m  INSERT INTO "breweries" ("created_at", "name", "updated_at", "year") VALUES (?, ?, ?, ?)  [["created_at", Sun, 18 Jan 2015 13:27:09 UTC +00:00], ["name", "Hartwall"], ["updated_at", Sun, 18 Jan 2015 13:27:09 UTC +00:00], ["year", 1836]]
  [1m[36m (69.1ms)[0m  [1mcommit transaction[0m
Redirected to http://localhost:3000/breweries/1
Completed 302 Found in 123ms (ActiveRecord: 79.3ms)


Started GET "/breweries/1" for 127.0.0.1 at 2015-01-18 15:27:09 +0200
Processing by BreweriesController#show as HTML
  Parameters: {"id"=>"1"}
  [1m[35mBrewery Load (0.2ms)[0m  SELECT "breweries".* FROM "breweries" WHERE "breweries"."id" = ? LIMIT 1  [["id", "1"]]
  Rendered breweries/show.html.erb within layouts/application (0.7ms)
Completed 200 OK in 44ms (Views: 5.9ms | ActiveRecord: 0.2ms)


Started GET "/assets/application.css?body=1" for 127.0.0.1 at 2015-01-18 15:27:09 +0200


Started GET "/assets/jquery.js?body=1" for 127.0.0.1 at 2015-01-18 15:27:09 +0200


Started GET "/assets/scaffolds.css?body=1" for 127.0.0.1 at 2015-01-18 15:27:09 +0200


Started GET "/assets/breweries.css?body=1" for 127.0.0.1 at 2015-01-18 15:27:09 +0200


Started GET "/assets/breweries.js?body=1" for 127.0.0.1 at 2015-01-18 15:27:09 +0200


Started GET "/assets/turbolinks.js?body=1" for 127.0.0.1 at 2015-01-18 15:27:09 +0200


Started GET "/assets/jquery_ujs.js?body=1" for 127.0.0.1 at 2015-01-18 15:27:09 +0200


Started GET "/assets/application.js?body=1" for 127.0.0.1 at 2015-01-18 15:27:09 +0200


Started GET "/breweries" for 127.0.0.1 at 2015-01-18 15:27:13 +0200
Processing by BreweriesController#index as HTML
  [1m[36mBrewery Load (0.2ms)[0m  [1mSELECT "breweries".* FROM "breweries"[0m
  Rendered breweries/index.html.erb within layouts/application (2.1ms)
Completed 200 OK in 10ms (Views: 9.6ms | ActiveRecord: 0.2ms)


Started GET "/breweries/new" for 127.0.0.1 at 2015-01-18 15:27:14 +0200
Processing by BreweriesController#new as HTML
  Rendered breweries/_form.html.erb (1.3ms)
  Rendered breweries/new.html.erb within layouts/application (2.5ms)
Completed 200 OK in 7ms (Views: 6.7ms | ActiveRecord: 0.0ms)


Started POST "/breweries" for 127.0.0.1 at 2015-01-18 15:27:22 +0200
Processing by BreweriesController#create as HTML
  Parameters: {"utf8"=>"✓", "authenticity_token"=>"ItHlqkHIfu0fALb4leDrgYi5aGh90Iq4IJXRrgHNArE=", "brewery"=>{"name"=>"Sinebrychoff", "year"=>"1819"}, "commit"=>"Create Brewery"}
  [1m[35m (0.1ms)[0m  begin transaction
  [1m[36mSQL (1.0ms)[0m  [1mINSERT INTO "breweries" ("created_at", "name", "updated_at", "year") VALUES (?, ?, ?, ?)[0m  [["created_at", Sun, 18 Jan 2015 13:27:22 UTC +00:00], ["name", "Sinebrychoff"], ["updated_at", Sun, 18 Jan 2015 13:27:22 UTC +00:00], ["year", 1819]]
  [1m[35m (23.5ms)[0m  commit transaction
Redirected to http://localhost:3000/breweries/2
Completed 302 Found in 35ms (ActiveRecord: 24.7ms)


Started GET "/breweries/2" for 127.0.0.1 at 2015-01-18 15:27:22 +0200
Processing by BreweriesController#show as HTML
  Parameters: {"id"=>"2"}
  [1m[36mBrewery Load (0.2ms)[0m  [1mSELECT "breweries".* FROM "breweries" WHERE "breweries"."id" = ? LIMIT 1[0m  [["id", "2"]]
  Rendered breweries/show.html.erb within layouts/application (0.3ms)
Completed 200 OK in 12ms (Views: 7.8ms | ActiveRecord: 0.2ms)


Started GET "/assets/application.css?body=1" for 127.0.0.1 at 2015-01-18 15:27:22 +0200


Started GET "/assets/breweries.css?body=1" for 127.0.0.1 at 2015-01-18 15:27:22 +0200


Started GET "/assets/turbolinks.js?body=1" for 127.0.0.1 at 2015-01-18 15:27:22 +0200


Started GET "/assets/scaffolds.css?body=1" for 127.0.0.1 at 2015-01-18 15:27:22 +0200


Started GET "/assets/jquery.js?body=1" for 127.0.0.1 at 2015-01-18 15:27:22 +0200


Started GET "/assets/jquery_ujs.js?body=1" for 127.0.0.1 at 2015-01-18 15:27:22 +0200


Started GET "/assets/application.js?body=1" for 127.0.0.1 at 2015-01-18 15:27:22 +0200


Started GET "/assets/breweries.js?body=1" for 127.0.0.1 at 2015-01-18 15:27:22 +0200


Started GET "/breweries" for 127.0.0.1 at 2015-01-18 15:27:24 +0200
Processing by BreweriesController#index as HTML
  [1m[35mBrewery Load (0.2ms)[0m  SELECT "breweries".* FROM "breweries"
  Rendered breweries/index.html.erb within layouts/application (4.4ms)
Completed 200 OK in 58ms (Views: 56.5ms | ActiveRecord: 0.2ms)


Started GET "/breweries/new" for 127.0.0.1 at 2015-01-18 15:27:25 +0200
Processing by BreweriesController#new as HTML
  Rendered breweries/_form.html.erb (1.3ms)
  Rendered breweries/new.html.erb within layouts/application (7.1ms)
Completed 200 OK in 12ms (Views: 11.7ms | ActiveRecord: 0.0ms)


Started POST "/breweries" for 127.0.0.1 at 2015-01-18 15:27:48 +0200
Processing by BreweriesController#create as HTML
  Parameters: {"utf8"=>"✓", "authenticity_token"=>"ItHlqkHIfu0fALb4leDrgYi5aGh90Iq4IJXRrgHNArE=", "brewery"=>{"name"=>"Warsteiner", "year"=>"1753"}, "commit"=>"Create Brewery"}
  [1m[36m (0.1ms)[0m  [1mbegin transaction[0m
  [1m[35mSQL (0.4ms)[0m  INSERT INTO "breweries" ("created_at", "name", "updated_at", "year") VALUES (?, ?, ?, ?)  [["created_at", Sun, 18 Jan 2015 13:27:48 UTC +00:00], ["name", "Warsteiner"], ["updated_at", Sun, 18 Jan 2015 13:27:48 UTC +00:00], ["year", 1753]]
  [1m[36m (23.6ms)[0m  [1mcommit transaction[0m
Redirected to http://localhost:3000/breweries/3
Completed 302 Found in 32ms (ActiveRecord: 24.1ms)


Started GET "/breweries/3" for 127.0.0.1 at 2015-01-18 15:27:48 +0200
Processing by BreweriesController#show as HTML
  Parameters: {"id"=>"3"}
  [1m[35mBrewery Load (0.1ms)[0m  SELECT "breweries".* FROM "breweries" WHERE "breweries"."id" = ? LIMIT 1  [["id", "3"]]
  Rendered breweries/show.html.erb within layouts/application (0.4ms)
Completed 200 OK in 12ms (Views: 10.9ms | ActiveRecord: 0.1ms)


Started GET "/assets/application.css?body=1" for 127.0.0.1 at 2015-01-18 15:27:48 +0200


Started GET "/assets/scaffolds.css?body=1" for 127.0.0.1 at 2015-01-18 15:27:48 +0200


Started GET "/assets/breweries.css?body=1" for 127.0.0.1 at 2015-01-18 15:27:48 +0200


Started GET "/assets/jquery.js?body=1" for 127.0.0.1 at 2015-01-18 15:27:48 +0200


Started GET "/assets/jquery_ujs.js?body=1" for 127.0.0.1 at 2015-01-18 15:27:48 +0200


Started GET "/assets/turbolinks.js?body=1" for 127.0.0.1 at 2015-01-18 15:27:48 +0200


Started GET "/assets/breweries.js?body=1" for 127.0.0.1 at 2015-01-18 15:27:48 +0200


Started GET "/assets/application.js?body=1" for 127.0.0.1 at 2015-01-18 15:27:48 +0200


Started GET "/breweries" for 127.0.0.1 at 2015-01-18 15:27:50 +0200
Processing by BreweriesController#index as HTML
  [1m[36mBrewery Load (0.3ms)[0m  [1mSELECT "breweries".* FROM "breweries"[0m
  Rendered breweries/index.html.erb within layouts/application (12.4ms)
Completed 200 OK in 22ms (Views: 21.4ms | ActiveRecord: 0.3ms)
  [1m[36mBrewery Load (5.4ms)[0m  [1mSELECT "breweries".* FROM "breweries"[0m
  [1m[35m (0.7ms)[0m  SELECT COUNT(*) FROM "breweries"
  [1m[36mBrewery Load (0.8ms)[0m  [1mSELECT "breweries".* FROM "breweries"[0m
  [1m[35m (0.6ms)[0m  SELECT COUNT(*) FROM "breweries"
  [1m[36m (0.7ms)[0m  [1mbegin transaction[0m
  [1m[35mSQL (14.2ms)[0m  INSERT INTO "breweries" ("created_at", "name", "updated_at", "year") VALUES (?, ?, ?, ?)  [["created_at", Sun, 18 Jan 2015 14:36:24 UTC +00:00], ["name", "Stadin Panimo"], ["updated_at", Sun, 18 Jan 2015 14:36:24 UTC +00:00], ["year", 1997]]
  [1m[36m (33.6ms)[0m  [1mcommit transaction[0m
  [1m[35mBrewery Load (1.3ms)[0m  SELECT "breweries".* FROM "breweries"
  [1m[36m (0.6ms)[0m  [1mbegin transaction[0m
  [1m[35mSQL (1.1ms)[0m  INSERT INTO "breweries" ("created_at", "name", "updated_at", "year") VALUES (?, ?, ?, ?)  [["created_at", Sun, 18 Jan 2015 14:37:00 UTC +00:00], ["name", "Weihenstephan"], ["updated_at", Sun, 18 Jan 2015 14:37:00 UTC +00:00], ["year", 1042]]
  [1m[36m (15.8ms)[0m  [1mcommit transaction[0m


Started GET "/breweries" for 127.0.0.1 at 2015-01-18 16:38:08 +0200
  [1m[36mActiveRecord::SchemaMigration Load (0.1ms)[0m  [1mSELECT "schema_migrations".* FROM "schema_migrations"[0m
Processing by BreweriesController#index as HTML
  [1m[35mBrewery Load (0.2ms)[0m  SELECT "breweries".* FROM "breweries"
  Rendered breweries/index.html.erb within layouts/application (26.6ms)
Completed 200 OK in 326ms (Views: 231.1ms | ActiveRecord: 0.4ms)


Started GET "/assets/application.css?body=1" for 127.0.0.1 at 2015-01-18 16:38:09 +0200


Started GET "/assets/breweries.css?body=1" for 127.0.0.1 at 2015-01-18 16:38:09 +0200


Started GET "/assets/jquery.js?body=1" for 127.0.0.1 at 2015-01-18 16:38:09 +0200


Started GET "/assets/scaffolds.css?body=1" for 127.0.0.1 at 2015-01-18 16:38:09 +0200


Started GET "/assets/turbolinks.js?body=1" for 127.0.0.1 at 2015-01-18 16:38:09 +0200


Started GET "/assets/jquery_ujs.js?body=1" for 127.0.0.1 at 2015-01-18 16:38:09 +0200


Started GET "/assets/breweries.js?body=1" for 127.0.0.1 at 2015-01-18 16:38:09 +0200


Started GET "/assets/application.js?body=1" for 127.0.0.1 at 2015-01-18 16:38:09 +0200
  [1m[35mBrewery Load (2.4ms)[0m  SELECT "breweries".* FROM "breweries" WHERE "breweries"."id" = ? LIMIT 1  [["id", 1]]
  [1m[36mBrewery Load (0.7ms)[0m  [1mSELECT "breweries".* FROM "breweries" WHERE "breweries"."id" = ? LIMIT 1[0m  [["id", 2]]
  [1m[35mBrewery Load (0.9ms)[0m  SELECT "breweries".* FROM "breweries" WHERE "breweries"."name" = 'Koff' LIMIT 1
  [1m[36mBrewery Load (1.3ms)[0m  [1mSELECT "breweries".* FROM "breweries" WHERE "breweries"."name" = 'Hartwall' LIMIT 1[0m
  [1m[35mBrewery Load (1.4ms)[0m  SELECT "breweries".* FROM "breweries" WHERE ("breweries"."year" BETWEEN 1600 AND 2000)
  [1m[36mBrewery Load (1.1ms)[0m  [1mSELECT "breweries".* FROM "breweries" WHERE (year<1900)[0m
  [1m[35m (0.9ms)[0m  SELECT COUNT(*) FROM "breweries" WHERE (year<1900)
  [1m[36mBrewery Load (1.0ms)[0m  [1mSELECT "breweries".* FROM "breweries" WHERE "breweries"."name" = 'Kumpulan panimo' LIMIT 1[0m
  [1m[35m (0.5ms)[0m  begin transaction
  [1m[36mSQL (1.2ms)[0m  [1mINSERT INTO "breweries" ("created_at", "name", "updated_at", "year") VALUES (?, ?, ?, ?)[0m  [["created_at", Sun, 18 Jan 2015 14:44:09 UTC +00:00], ["name", "Kumpulan panimo"], ["updated_at", Sun, 18 Jan 2015 14:44:09 UTC +00:00], ["year", 2012]]
  [1m[35m (19.7ms)[0m  commit transaction
  [1m[36m (1.0ms)[0m  [1mbegin transaction[0m
  [1m[35m (0.2ms)[0m  commit transaction
  [1m[36mBrewery Load (5.7ms)[0m  [1mSELECT "breweries".* FROM "breweries" WHERE "breweries"."name" = 'Kumpulan panimo' LIMIT 1[0m
  [1m[35mBrewery Load (1.1ms)[0m  SELECT "breweries".* FROM "breweries" WHERE "breweries"."name" = 'Kumpulan panimo' LIMIT 1
  [1m[36m (0.3ms)[0m  [1mbegin transaction[0m
  [1m[35mSQL (18.0ms)[0m  UPDATE "breweries" SET "year" = ?, "updated_at" = ? WHERE "breweries"."id" = 6  [["year", 2015], ["updated_at", Sun, 18 Jan 2015 14:45:15 UTC +00:00]]
  [1m[36m (37.4ms)[0m  [1mcommit transaction[0m
  [1m[35mBrewery Load (1.2ms)[0m  SELECT "breweries".* FROM "breweries" WHERE "breweries"."name" = 'Kumpulan panimo' LIMIT 1
  [1m[36mBrewery Load (1.2ms)[0m  [1mSELECT "breweries".* FROM "breweries" WHERE "breweries"."name" = 'Kumpulan panimo' LIMIT 1[0m
  [1m[35m (0.6ms)[0m  begin transaction
  [1m[36mSQL (18.1ms)[0m  [1mDELETE FROM "breweries" WHERE "breweries"."id" = ?[0m  [["id", 6]]
  [1m[35m (9.8ms)[0m  commit transaction
  [1m[36mBrewery Load (1.4ms)[0m  [1mSELECT "breweries".* FROM "breweries" WHERE "breweries"."name" = 'Kumpulan panimo' LIMIT 1[0m
  [1m[35m (1.1ms)[0m  begin transaction
  [1m[36m (0.2ms)[0m  [1mcommit transaction[0m
  [1m[35mBrewery Load (1.1ms)[0m  SELECT "breweries".* FROM "breweries" WHERE "breweries"."name" = 'Kumpulan panimo' LIMIT 1
  [1m[36mActiveRecord::SchemaMigration Load (0.1ms)[0m  [1mSELECT "schema_migrations".* FROM "schema_migrations"[0m
Migrating to CreateBeers (20150118145130)
  [1m[35m (0.1ms)[0m  begin transaction
  [1m[36m (0.6ms)[0m  [1mCREATE TABLE "beers" ("id" INTEGER PRIMARY KEY AUTOINCREMENT NOT NULL, "name" varchar(255), "style" varchar(255), "brewery_id" integer, "created_at" datetime, "updated_at" datetime) [0m
  [1m[35mSQL (9.0ms)[0m  INSERT INTO "schema_migrations" ("version") VALUES (?)  [["version", "20150118145130"]]
  [1m[36m (40.0ms)[0m  [1mcommit transaction[0m
  [1m[35mActiveRecord::SchemaMigration Load (0.1ms)[0m  SELECT "schema_migrations".* FROM "schema_migrations"


Started GET "/breweries" for 127.0.0.1 at 2015-01-18 16:54:12 +0200
  [1m[36mActiveRecord::SchemaMigration Load (0.1ms)[0m  [1mSELECT "schema_migrations".* FROM "schema_migrations"[0m
Processing by BreweriesController#index as HTML
  [1m[35mBrewery Load (0.2ms)[0m  SELECT "breweries".* FROM "breweries"
  Rendered breweries/index.html.erb within layouts/application (19.1ms)
Completed 200 OK in 357ms (Views: 351.0ms | ActiveRecord: 0.4ms)


Started GET "/assets/application.css?body=1" for 127.0.0.1 at 2015-01-18 16:54:12 +0200


Started GET "/assets/beers.css?body=1" for 127.0.0.1 at 2015-01-18 16:54:12 +0200


Started GET "/assets/breweries.css?body=1" for 127.0.0.1 at 2015-01-18 16:54:12 +0200


Started GET "/assets/jquery.js?body=1" for 127.0.0.1 at 2015-01-18 16:54:12 +0200


Started GET "/assets/scaffolds.css?body=1" for 127.0.0.1 at 2015-01-18 16:54:12 +0200


Started GET "/assets/jquery_ujs.js?body=1" for 127.0.0.1 at 2015-01-18 16:54:12 +0200


Started GET "/assets/beers.js?body=1" for 127.0.0.1 at 2015-01-18 16:54:12 +0200


Started GET "/assets/turbolinks.js?body=1" for 127.0.0.1 at 2015-01-18 16:54:12 +0200


Started GET "/assets/application.js?body=1" for 127.0.0.1 at 2015-01-18 16:54:12 +0200


Started GET "/assets/breweries.js?body=1" for 127.0.0.1 at 2015-01-18 16:54:12 +0200


Started GET "/breweries" for 127.0.0.1 at 2015-01-18 16:54:13 +0200
Processing by BreweriesController#index as HTML
  [1m[36mBrewery Load (0.3ms)[0m  [1mSELECT "breweries".* FROM "breweries"[0m
  Rendered breweries/index.html.erb within layouts/application (8.9ms)
Completed 200 OK in 24ms (Views: 23.0ms | ActiveRecord: 0.3ms)


Started GET "/assets/application.css?body=1" for 127.0.0.1 at 2015-01-18 16:54:13 +0200


Started GET "/assets/beers.css?body=1" for 127.0.0.1 at 2015-01-18 16:54:14 +0200


Started GET "/assets/breweries.css?body=1" for 127.0.0.1 at 2015-01-18 16:54:14 +0200


Started GET "/assets/jquery.js?body=1" for 127.0.0.1 at 2015-01-18 16:54:14 +0200


Started GET "/assets/jquery_ujs.js?body=1" for 127.0.0.1 at 2015-01-18 16:54:14 +0200


Started GET "/assets/turbolinks.js?body=1" for 127.0.0.1 at 2015-01-18 16:54:14 +0200


Started GET "/assets/beers.js?body=1" for 127.0.0.1 at 2015-01-18 16:54:14 +0200


Started GET "/assets/scaffolds.css?body=1" for 127.0.0.1 at 2015-01-18 16:54:14 +0200


Started GET "/assets/breweries.js?body=1" for 127.0.0.1 at 2015-01-18 16:54:14 +0200


Started GET "/assets/application.js?body=1" for 127.0.0.1 at 2015-01-18 16:54:14 +0200
  [1m[36mBrewery Load (0.5ms)[0m  [1mSELECT "breweries".* FROM "breweries" ORDER BY "breweries"."id" ASC LIMIT 1[0m
  [1m[35mBrewery Load (1.8ms)[0m  SELECT "breweries".* FROM "breweries" ORDER BY "breweries"."id" ASC LIMIT 1
  [1m[36m (0.6ms)[0m  [1mbegin transaction[0m
  [1m[35mSQL (29.9ms)[0m  INSERT INTO "beers" ("brewery_id", "created_at", "name", "style", "updated_at") VALUES (?, ?, ?, ?, ?)  [["brewery_id", 1], ["created_at", Sun, 18 Jan 2015 15:01:15 UTC +00:00], ["name", "Iso 3"], ["style", "Lager"], ["updated_at", Sun, 18 Jan 2015 15:01:15 UTC +00:00]]
  [1m[36m (14.7ms)[0m  [1mcommit transaction[0m
  [1m[35m (0.8ms)[0m  begin transaction
  [1m[36mSQL (1.2ms)[0m  [1mINSERT INTO "beers" ("brewery_id", "created_at", "name", "style", "updated_at") VALUES (?, ?, ?, ?, ?)[0m  [["brewery_id", 1], ["created_at", Sun, 18 Jan 2015 15:02:00 UTC +00:00], ["name", "Nelonen"], ["style", "Lager"], ["updated_at", Sun, 18 Jan 2015 15:02:00 UTC +00:00]]
  [1m[35m (11.8ms)[0m  commit transaction
  [1m[36mBrewery Load (0.2ms)[0m  [1mSELECT "breweries".* FROM "breweries" WHERE "breweries"."name" = 'Hartwall' LIMIT 1[0m
  [1m[35m (0.2ms)[0m  SELECT COUNT(*) FROM "beers" WHERE "beers"."brewery_id" = ?  [["brewery_id", 1]]
  [1m[36mBeer Load (1.1ms)[0m  [1mSELECT "beers".* FROM "beers" WHERE "beers"."brewery_id" = ?[0m  [["brewery_id", 1]]
  [1m[35mBrewery Load (1.1ms)[0m  SELECT "breweries".* FROM "breweries" WHERE "breweries"."name" = 'Hartwall' LIMIT 1
  [1m[36mBeer Load (3.9ms)[0m  [1mSELECT "beers".* FROM "beers" WHERE "beers"."brewery_id" = ? ORDER BY "beers"."id" ASC LIMIT 1[0m  [["brewery_id", 1]]
  [1m[35mBeer Load (1.1ms)[0m  SELECT "beers".* FROM "beers" WHERE "beers"."brewery_id" = ? ORDER BY "beers"."id" DESC LIMIT 1  [["brewery_id", 1]]
  [1m[36mBeer Load (0.7ms)[0m  [1mSELECT "beers".* FROM "beers" WHERE "beers"."brewery_id" = ?[0m  [["brewery_id", 1]]
  [1m[35mBrewery Load (0.2ms)[0m  SELECT "breweries".* FROM "breweries" WHERE "breweries"."name" = 'Hartwall' LIMIT 1
  [1m[36mBeer Load (0.6ms)[0m  [1mSELECT "beers".* FROM "beers" WHERE "beers"."brewery_id" = ? ORDER BY "beers"."id" ASC LIMIT 1[0m  [["brewery_id", 1]]
  [1m[35mBeer Load (1.6ms)[0m  SELECT "beers".* FROM "beers" WHERE "beers"."brewery_id" = ? ORDER BY "beers"."id" DESC LIMIT 1  [["brewery_id", 1]]
  [1m[36mBeer Load (1.1ms)[0m  [1mSELECT "beers".* FROM "beers" WHERE "beers"."brewery_id" = ?[0m  [["brewery_id", 1]]
  [1m[36mActiveRecord::SchemaMigration Load (0.1ms)[0m  [1mSELECT "schema_migrations".* FROM "schema_migrations"[0m
  [1m[35m (0.1ms)[0m  begin transaction
  [1m[36mSQL (5.3ms)[0m  [1mINSERT INTO "breweries" ("created_at", "name", "updated_at", "year") VALUES (?, ?, ?, ?)[0m  [["created_at", Sun, 18 Jan 2015 15:10:28 UTC +00:00], ["name", "Koff"], ["updated_at", Sun, 18 Jan 2015 15:10:28 UTC +00:00], ["year", 1897]]
  [1m[35m (36.5ms)[0m  commit transaction
  [1m[36m (0.3ms)[0m  [1mbegin transaction[0m
  [1m[35mSQL (0.8ms)[0m  INSERT INTO "breweries" ("created_at", "name", "updated_at", "year") VALUES (?, ?, ?, ?)  [["created_at", Sun, 18 Jan 2015 15:10:28 UTC +00:00], ["name", "Malmgard"], ["updated_at", Sun, 18 Jan 2015 15:10:28 UTC +00:00], ["year", 2001]]
  [1m[36m (13.5ms)[0m  [1mcommit transaction[0m
  [1m[35m (0.1ms)[0m  begin transaction
  [1m[36mSQL (0.6ms)[0m  [1mINSERT INTO "breweries" ("created_at", "name", "updated_at", "year") VALUES (?, ?, ?, ?)[0m  [["created_at", Sun, 18 Jan 2015 15:10:28 UTC +00:00], ["name", "Weihenstephaner"], ["updated_at", Sun, 18 Jan 2015 15:10:28 UTC +00:00], ["year", 1042]]
  [1m[35m (9.6ms)[0m  commit transaction
  [1m[36m (0.0ms)[0m  [1mbegin transaction[0m
  [1m[35mSQL (0.5ms)[0m  INSERT INTO "beers" ("brewery_id", "created_at", "name", "style", "updated_at") VALUES (?, ?, ?, ?, ?)  [["brewery_id", 7], ["created_at", Sun, 18 Jan 2015 15:10:28 UTC +00:00], ["name", "Iso 3"], ["style", "Lager"], ["updated_at", Sun, 18 Jan 2015 15:10:28 UTC +00:00]]
  [1m[36m (8.9ms)[0m  [1mcommit transaction[0m
  [1m[35m (0.1ms)[0m  begin transaction
  [1m[36mSQL (0.3ms)[0m  [1mINSERT INTO "beers" ("brewery_id", "created_at", "name", "style", "updated_at") VALUES (?, ?, ?, ?, ?)[0m  [["brewery_id", 7], ["created_at", Sun, 18 Jan 2015 15:10:28 UTC +00:00], ["name", "Karhu"], ["style", "Lager"], ["updated_at", Sun, 18 Jan 2015 15:10:28 UTC +00:00]]
  [1m[35m (8.4ms)[0m  commit transaction
  [1m[36m (0.0ms)[0m  [1mbegin transaction[0m
  [1m[35mSQL (0.3ms)[0m  INSERT INTO "beers" ("brewery_id", "created_at", "name", "style", "updated_at") VALUES (?, ?, ?, ?, ?)  [["brewery_id", 7], ["created_at", Sun, 18 Jan 2015 15:10:28 UTC +00:00], ["name", "Tuplahumala"], ["style", "Lager"], ["updated_at", Sun, 18 Jan 2015 15:10:28 UTC +00:00]]
  [1m[36m (8.6ms)[0m  [1mcommit transaction[0m
  [1m[35m (0.0ms)[0m  begin transaction
  [1m[36mSQL (0.7ms)[0m  [1mINSERT INTO "beers" ("brewery_id", "created_at", "name", "style", "updated_at") VALUES (?, ?, ?, ?, ?)[0m  [["brewery_id", 8], ["created_at", Sun, 18 Jan 2015 15:10:28 UTC +00:00], ["name", "Huvila Pale Ale"], ["style", "Pale Ale"], ["updated_at", Sun, 18 Jan 2015 15:10:28 UTC +00:00]]
  [1m[35m (8.3ms)[0m  commit transaction
  [1m[36m (0.0ms)[0m  [1mbegin transaction[0m
  [1m[35mSQL (0.4ms)[0m  INSERT INTO "beers" ("brewery_id", "created_at", "name", "style", "updated_at") VALUES (?, ?, ?, ?, ?)  [["brewery_id", 8], ["created_at", Sun, 18 Jan 2015 15:10:28 UTC +00:00], ["name", "X Porter"], ["style", "Porter"], ["updated_at", Sun, 18 Jan 2015 15:10:28 UTC +00:00]]
  [1m[36m (10.0ms)[0m  [1mcommit transaction[0m
  [1m[35m (0.0ms)[0m  begin transaction
  [1m[36mSQL (0.3ms)[0m  [1mINSERT INTO "beers" ("brewery_id", "created_at", "name", "style", "updated_at") VALUES (?, ?, ?, ?, ?)[0m  [["brewery_id", 9], ["created_at", Sun, 18 Jan 2015 15:10:28 UTC +00:00], ["name", "Hefezeizen"], ["style", "Weizen"], ["updated_at", Sun, 18 Jan 2015 15:10:28 UTC +00:00]]
  [1m[35m (9.0ms)[0m  commit transaction
  [1m[36m (0.0ms)[0m  [1mbegin transaction[0m
  [1m[35mSQL (0.3ms)[0m  INSERT INTO "beers" ("brewery_id", "created_at", "name", "style", "updated_at") VALUES (?, ?, ?, ?, ?)  [["brewery_id", 9], ["created_at", Sun, 18 Jan 2015 15:10:28 UTC +00:00], ["name", "Helles"], ["style", "Lager"], ["updated_at", Sun, 18 Jan 2015 15:10:28 UTC +00:00]]
  [1m[36m (9.6ms)[0m  [1mcommit transaction[0m
  [1m[36m (15.6ms)[0m  [1mCREATE TABLE "beers" ("id" INTEGER PRIMARY KEY AUTOINCREMENT NOT NULL, "name" varchar(255), "style" varchar(255), "brewery_id" integer, "created_at" datetime, "updated_at" datetime) [0m
  [1m[35m (15.0ms)[0m  CREATE TABLE "breweries" ("id" INTEGER PRIMARY KEY AUTOINCREMENT NOT NULL, "name" varchar(255), "year" integer, "created_at" datetime, "updated_at" datetime) 
  [1m[36m (10.1ms)[0m  [1mCREATE TABLE "schema_migrations" ("version" varchar(255) NOT NULL) [0m
  [1m[35m (21.7ms)[0m  CREATE UNIQUE INDEX "unique_schema_migrations" ON "schema_migrations" ("version")
  [1m[36m (0.1ms)[0m  [1mSELECT version FROM "schema_migrations"[0m
  [1m[35m (9.9ms)[0m  INSERT INTO "schema_migrations" (version) VALUES ('20150118145130')
  [1m[36m (11.1ms)[0m  [1mINSERT INTO "schema_migrations" (version) VALUES ('20150118132439')[0m
  [1m[35mActiveRecord::SchemaMigration Load (0.1ms)[0m  SELECT "schema_migrations".* FROM "schema_migrations"
  [1m[36m (0.1ms)[0m  [1mbegin transaction[0m
  [1m[35mSQL (4.9ms)[0m  INSERT INTO "breweries" ("created_at", "name", "updated_at", "year") VALUES (?, ?, ?, ?)  [["created_at", Sun, 18 Jan 2015 15:10:33 UTC +00:00], ["name", "Koff"], ["updated_at", Sun, 18 Jan 2015 15:10:33 UTC +00:00], ["year", 1897]]
  [1m[36m (9.0ms)[0m  [1mcommit transaction[0m
  [1m[35m (0.1ms)[0m  begin transaction
  [1m[36mSQL (0.4ms)[0m  [1mINSERT INTO "breweries" ("created_at", "name", "updated_at", "year") VALUES (?, ?, ?, ?)[0m  [["created_at", Sun, 18 Jan 2015 15:10:33 UTC +00:00], ["name", "Malmgard"], ["updated_at", Sun, 18 Jan 2015 15:10:33 UTC +00:00], ["year", 2001]]
  [1m[35m (8.9ms)[0m  commit transaction
  [1m[36m (0.0ms)[0m  [1mbegin transaction[0m
  [1m[35mSQL (0.3ms)[0m  INSERT INTO "breweries" ("created_at", "name", "updated_at", "year") VALUES (?, ?, ?, ?)  [["created_at", Sun, 18 Jan 2015 15:10:33 UTC +00:00], ["name", "Weihenstephaner"], ["updated_at", Sun, 18 Jan 2015 15:10:33 UTC +00:00], ["year", 1042]]
  [1m[36m (8.9ms)[0m  [1mcommit transaction[0m
  [1m[35m (0.0ms)[0m  begin transaction
  [1m[36mSQL (0.9ms)[0m  [1mINSERT INTO "beers" ("brewery_id", "created_at", "name", "style", "updated_at") VALUES (?, ?, ?, ?, ?)[0m  [["brewery_id", 1], ["created_at", Sun, 18 Jan 2015 15:10:33 UTC +00:00], ["name", "Iso 3"], ["style", "Lager"], ["updated_at", Sun, 18 Jan 2015 15:10:33 UTC +00:00]]
  [1m[35m (9.1ms)[0m  commit transaction
  [1m[36m (0.1ms)[0m  [1mbegin transaction[0m
  [1m[35mSQL (0.4ms)[0m  INSERT INTO "beers" ("brewery_id", "created_at", "name", "style", "updated_at") VALUES (?, ?, ?, ?, ?)  [["brewery_id", 1], ["created_at", Sun, 18 Jan 2015 15:10:33 UTC +00:00], ["name", "Karhu"], ["style", "Lager"], ["updated_at", Sun, 18 Jan 2015 15:10:33 UTC +00:00]]
  [1m[36m (10.5ms)[0m  [1mcommit transaction[0m
  [1m[35m (0.1ms)[0m  begin transaction
  [1m[36mSQL (0.3ms)[0m  [1mINSERT INTO "beers" ("brewery_id", "created_at", "name", "style", "updated_at") VALUES (?, ?, ?, ?, ?)[0m  [["brewery_id", 1], ["created_at", Sun, 18 Jan 2015 15:10:33 UTC +00:00], ["name", "Tuplahumala"], ["style", "Lager"], ["updated_at", Sun, 18 Jan 2015 15:10:33 UTC +00:00]]
  [1m[35m (9.7ms)[0m  commit transaction
  [1m[36m (0.0ms)[0m  [1mbegin transaction[0m
  [1m[35mSQL (0.4ms)[0m  INSERT INTO "beers" ("brewery_id", "created_at", "name", "style", "updated_at") VALUES (?, ?, ?, ?, ?)  [["brewery_id", 2], ["created_at", Sun, 18 Jan 2015 15:10:33 UTC +00:00], ["name", "Huvila Pale Ale"], ["style", "Pale Ale"], ["updated_at", Sun, 18 Jan 2015 15:10:33 UTC +00:00]]
  [1m[36m (8.3ms)[0m  [1mcommit transaction[0m
  [1m[35m (0.0ms)[0m  begin transaction
  [1m[36mSQL (0.3ms)[0m  [1mINSERT INTO "beers" ("brewery_id", "created_at", "name", "style", "updated_at") VALUES (?, ?, ?, ?, ?)[0m  [["brewery_id", 2], ["created_at", Sun, 18 Jan 2015 15:10:33 UTC +00:00], ["name", "X Porter"], ["style", "Porter"], ["updated_at", Sun, 18 Jan 2015 15:10:33 UTC +00:00]]
  [1m[35m (8.6ms)[0m  commit transaction
  [1m[36m (0.0ms)[0m  [1mbegin transaction[0m
  [1m[35mSQL (0.3ms)[0m  INSERT INTO "beers" ("brewery_id", "created_at", "name", "style", "updated_at") VALUES (?, ?, ?, ?, ?)  [["brewery_id", 3], ["created_at", Sun, 18 Jan 2015 15:10:33 UTC +00:00], ["name", "Hefezeizen"], ["style", "Weizen"], ["updated_at", Sun, 18 Jan 2015 15:10:33 UTC +00:00]]
  [1m[36m (9.0ms)[0m  [1mcommit transaction[0m
  [1m[35m (0.0ms)[0m  begin transaction
  [1m[36mSQL (0.3ms)[0m  [1mINSERT INTO "beers" ("brewery_id", "created_at", "name", "style", "updated_at") VALUES (?, ?, ?, ?, ?)[0m  [["brewery_id", 3], ["created_at", Sun, 18 Jan 2015 15:10:33 UTC +00:00], ["name", "Helles"], ["style", "Lager"], ["updated_at", Sun, 18 Jan 2015 15:10:33 UTC +00:00]]
  [1m[35m (9.2ms)[0m  commit transaction
  [1m[36mBrewery Load (0.1ms)[0m  [1mSELECT "breweries".* FROM "breweries" ORDER BY "breweries"."id" ASC LIMIT 1[0m
  [1m[35mBeer Load (1.9ms)[0m  SELECT "beers".* FROM "beers" WHERE "beers"."brewery_id" = ?  [["brewery_id", 1]]
  [1m[36mBrewery Load (1.2ms)[0m  [1mSELECT "breweries".* FROM "breweries" WHERE "breweries"."id" = ? LIMIT 1[0m  [["id", 1]]
  [1m[35m (1.1ms)[0m  begin transaction
  [1m[36mSQL (5.3ms)[0m  [1mINSERT INTO "beers" ("brewery_id", "created_at", "name", "style", "updated_at") VALUES (?, ?, ?, ?, ?)[0m  [["brewery_id", 1], ["created_at", Sun, 18 Jan 2015 15:12:40 UTC +00:00], ["name", "Lite"], ["style", "Lager"], ["updated_at", Sun, 18 Jan 2015 15:12:40 UTC +00:00]]
  [1m[35m (17.9ms)[0m  commit transaction
  [1m[36mBrewery Load (0.7ms)[0m  [1mSELECT "breweries".* FROM "breweries" WHERE "breweries"."id" = ? LIMIT 1[0m  [["id", 1]]
  [1m[35mBeer Exists (0.9ms)[0m  SELECT 1 AS one FROM "beers" WHERE "beers"."brewery_id" = ? AND "beers"."id" = 8 LIMIT 1  [["brewery_id", 1]]
  [1m[36m (0.7ms)[0m  [1mbegin transaction[0m
  [1m[35mSQL (1.5ms)[0m  INSERT INTO "beers" ("brewery_id", "created_at", "name", "style", "updated_at") VALUES (?, ?, ?, ?, ?)  [["brewery_id", 1], ["created_at", Sun, 18 Jan 2015 15:13:12 UTC +00:00], ["name", "IVB"], ["style", "Lager"], ["updated_at", Sun, 18 Jan 2015 15:13:12 UTC +00:00]]
  [1m[36m (14.9ms)[0m  [1mcommit transaction[0m
  [1m[35mBeer Load (0.3ms)[0m  SELECT "beers".* FROM "beers" WHERE "beers"."brewery_id" = ?  [["brewery_id", 1]]
  [1m[36m (0.6ms)[0m  [1mbegin transaction[0m
  [1m[35mSQL (1.2ms)[0m  INSERT INTO "beers" ("brewery_id", "created_at", "name", "style", "updated_at") VALUES (?, ?, ?, ?, ?)  [["brewery_id", 1], ["created_at", Sun, 18 Jan 2015 15:13:35 UTC +00:00], ["name", "Extra Light Triple Brewed"], ["style", "Lager"], ["updated_at", Sun, 18 Jan 2015 15:13:35 UTC +00:00]]
  [1m[36m (12.1ms)[0m  [1mcommit transaction[0m
  [1m[36mBrewery Load (2.5ms)[0m  [1mSELECT "breweries".* FROM "breweries"[0m
  [1m[35m (1.0ms)[0m  SELECT COUNT(*) FROM "breweries"
  [1m[36m (1.1ms)[0m  [1mbegin transaction[0m
  [1m[35mSQL (13.4ms)[0m  INSERT INTO "breweries" ("created_at", "name", "updated_at", "year") VALUES (?, ?, ?, ?)  [["created_at", Sun, 18 Jan 2015 15:18:43 UTC +00:00], ["name", "Hartwall"], ["updated_at", Sun, 18 Jan 2015 15:18:43 UTC +00:00], ["year", 1869]]
  [1m[36m (15.0ms)[0m  [1mcommit transaction[0m
  [1m[35mBrewery Load (2.5ms)[0m  SELECT "breweries".* FROM "breweries" WHERE "breweries"."id" = ? LIMIT 1  [["id", 4]]
  [1m[36m (0.7ms)[0m  [1mbegin transaction[0m
  [1m[35mSQL (4.9ms)[0m  INSERT INTO "beers" ("brewery_id", "created_at", "name", "style", "updated_at") VALUES (?, ?, ?, ?, ?)  [["brewery_id", 4], ["created_at", Sun, 18 Jan 2015 15:19:36 UTC +00:00], ["name", "eka"], ["style", "Lager"], ["updated_at", Sun, 18 Jan 2015 15:19:36 UTC +00:00]]
  [1m[36m (8.9ms)[0m  [1mcommit transaction[0m
  [1m[35mBrewery Load (1.3ms)[0m  SELECT "breweries".* FROM "breweries" WHERE "breweries"."id" = ? LIMIT 1  [["id", 4]]
  [1m[36mBeer Exists (0.6ms)[0m  [1mSELECT 1 AS one FROM "beers" WHERE "beers"."brewery_id" = ? AND "beers"."id" = 11 LIMIT 1[0m  [["brewery_id", 4]]
  [1m[35m (1.0ms)[0m  begin transaction
  [1m[36mSQL (1.2ms)[0m  [1mINSERT INTO "beers" ("brewery_id", "created_at", "name", "style", "updated_at") VALUES (?, ?, ?, ?, ?)[0m  [["brewery_id", 4], ["created_at", Sun, 18 Jan 2015 15:20:13 UTC +00:00], ["name", "Toka"], ["style", "Lager"], ["updated_at", Sun, 18 Jan 2015 15:20:13 UTC +00:00]]
  [1m[35m (11.4ms)[0m  commit transaction
  [1m[36mBeer Load (0.9ms)[0m  [1mSELECT "beers".* FROM "beers" WHERE "beers"."brewery_id" = ?[0m  [["brewery_id", 4]]
  [1m[35m (0.8ms)[0m  begin transaction
  [1m[36mSQL (6.1ms)[0m  [1mINSERT INTO "beers" ("brewery_id", "created_at", "name", "style", "updated_at") VALUES (?, ?, ?, ?, ?)[0m  [["brewery_id", 4], ["created_at", Sun, 18 Jan 2015 15:20:30 UTC +00:00], ["name", "tres"], ["style", "Lager"], ["updated_at", Sun, 18 Jan 2015 15:20:30 UTC +00:00]]
  [1m[35m (9.2ms)[0m  commit transaction
DEPRECATION WARNING: Relation#all is deprecated. If you want to eager-load a relation, you can call #load (e.g. `Post.where(published: true).load`). If you want to get an array of records from a relation, you can call #to_a (e.g. `Post.where(published: true).to_a`). (called from irb_binding at (irb):17)
  [1m[36m (0.7ms)[0m  [1mbegin transaction[0m
  [1m[35mSQL (3.7ms)[0m  DELETE FROM "breweries" WHERE "breweries"."id" = ?  [["id", 4]]
  [1m[36m (9.7ms)[0m  [1mcommit transaction[0m
  [1m[35mBeer Load (0.9ms)[0m  SELECT "beers".* FROM "beers" WHERE (4)
  [1m[36mBeer Load (0.9ms)[0m  [1mSELECT "beers".* FROM "beers" WHERE "beers"."brewery_id" = 4[0m
  [1m[35mBeer Load (1.7ms)[0m  SELECT "beers".* FROM "beers" WHERE "beers"."brewery_id" = 4
  [1m[36mBeer Load (1.8ms)[0m  [1mSELECT "beers".* FROM "beers" WHERE "beers"."brewery_id" = 4[0m
  [1m[35mBeer Load (1.8ms)[0m  SELECT "beers".* FROM "beers" WHERE "beers"."brewery_id" = 4
  [1m[36mBeer Load (1.2ms)[0m  [1mSELECT "beers".* FROM "beers" WHERE "beers"."brewery_id" = 4[0m
  [1m[35mBeer Load (1.1ms)[0m  SELECT "beers".* FROM "beers" WHERE "beers"."brewery_id" = 4
  [1m[36mBeer Load (1.7ms)[0m  [1mSELECT "beers".* FROM "beers" WHERE "beers"."brewery_id" = 4[0m
  [1m[35mBeer Load (1.5ms)[0m  SELECT "beers".* FROM "beers" WHERE "beers"."brewery_id" = 4
  [1m[36mBeer Load (19.8ms)[0m  [1mSELECT "beers".* FROM "beers" WHERE "beers"."brewery_id" = 4 AND "beers"."name" = 'eka'[0m
  [1m[35mBrewery Load (1.7ms)[0m  SELECT "breweries".* FROM "breweries"
  [1m[36mBeer Load (1.5ms)[0m  [1mSELECT "beers".* FROM "beers"[0m
  [1m[35mBeer Load (1.4ms)[0m  SELECT "beers".* FROM "beers" WHERE "beers"."name" = 'eka' LIMIT 1
  [1m[36mBeer Load (1.8ms)[0m  [1mSELECT "beers".* FROM "beers" WHERE "beers"."name" = 'eka' LIMIT 1[0m
  [1m[35m (0.8ms)[0m  begin transaction
  [1m[36mSQL (1.9ms)[0m  [1mDELETE FROM "beers" WHERE "beers"."id" = ?[0m  [["id", 11]]
  [1m[35m (14.2ms)[0m  commit transaction
  [1m[36mBeer Load (2.0ms)[0m  [1mSELECT "beers".* FROM "beers" WHERE "beers"."name" = 'Toka' LIMIT 1[0m
  [1m[35m (0.7ms)[0m  begin transaction
  [1m[36mSQL (0.7ms)[0m  [1mDELETE FROM "beers" WHERE "beers"."id" = ?[0m  [["id", 12]]
  [1m[35m (12.6ms)[0m  commit transaction
  [1m[36mBeer Load (1.9ms)[0m  [1mSELECT "beers".* FROM "beers" WHERE "beers"."name" = 'tres' LIMIT 1[0m
  [1m[35m (0.8ms)[0m  begin transaction
  [1m[36mSQL (0.8ms)[0m  [1mDELETE FROM "beers" WHERE "beers"."id" = ?[0m  [["id", 13]]
  [1m[35m (12.1ms)[0m  commit transaction
  [1m[36mBeer Load (1.8ms)[0m  [1mSELECT "beers".* FROM "beers" WHERE "beers"."name" = 'eka' LIMIT 1[0m
